[0.007s] Invoking command in '/home/wuyang/wuyang_WS/build/wuyang_description': CMAKE_PREFIX_PATH=/opt/ros/humble /usr/bin/cmake /home/wuyang/wuyang_WS/src/wuyang_description -DCMAKE_INSTALL_PREFIX=/home/wuyang/wuyang_WS/install/wuyang_description
[0.051s] -- The C compiler identification is GNU 11.4.0
[0.094s] -- The CXX compiler identification is GNU 11.4.0
[0.100s] -- Detecting C compiler ABI info
[0.161s] -- Detecting C compiler ABI info - done
[0.166s] -- Check for working C compiler: /usr/bin/cc - skipped
[0.166s] -- Detecting C compile features
[0.166s] -- Detecting C compile features - done
[0.169s] -- Detecting CXX compiler ABI info
[0.240s] -- Detecting CXX compiler ABI info - done
[0.246s] -- Check for working CXX compiler: /usr/bin/c++ - skipped
[0.246s] -- Detecting CXX compile features
[0.247s] -- Detecting CXX compile features - done
[0.248s] -- Found ament_cmake: 1.3.12 (/opt/ros/humble/share/ament_cmake/cmake)
[0.482s] -- Found Python3: /usr/bin/python3 (found version "3.10.12") found components: Interpreter 
[0.559s] -- Found ament_lint_auto: 0.12.14 (/opt/ros/humble/share/ament_lint_auto/cmake)
[0.618s] -- Added test 'flake8' to check Python code syntax and style conventions
[0.619s] -- Added test 'lint_cmake' to check CMake code style
[0.620s] -- Added test 'pep257' to check Python code against some of the docstring style conventions in PEP 257
[0.621s] -- Added test 'xmllint' to check XML markup files
[0.623s] -- Configuring done
[0.627s] -- Generating done
[0.630s] -- Build files have been written to: /home/wuyang/wuyang_WS/build/wuyang_description
[0.636s] Invoked command in '/home/wuyang/wuyang_WS/build/wuyang_description' returned '0': CMAKE_PREFIX_PATH=/opt/ros/humble /usr/bin/cmake /home/wuyang/wuyang_WS/src/wuyang_description -DCMAKE_INSTALL_PREFIX=/home/wuyang/wuyang_WS/install/wuyang_description
[0.637s] Invoking command in '/home/wuyang/wuyang_WS/build/wuyang_description': CMAKE_PREFIX_PATH=/opt/ros/humble /usr/bin/cmake --build /home/wuyang/wuyang_WS/build/wuyang_description -- -j16 -l16
[0.672s] Invoked command in '/home/wuyang/wuyang_WS/build/wuyang_description' returned '0': CMAKE_PREFIX_PATH=/opt/ros/humble /usr/bin/cmake --build /home/wuyang/wuyang_WS/build/wuyang_description -- -j16 -l16
[0.681s] Invoking command in '/home/wuyang/wuyang_WS/build/wuyang_description': CMAKE_PREFIX_PATH=/opt/ros/humble /usr/bin/cmake --install /home/wuyang/wuyang_WS/build/wuyang_description
[0.686s] -- Install configuration: ""
[0.687s] -- Installing: /home/wuyang/wuyang_WS/install/wuyang_description/share/wuyang_description/urdf
[0.687s] -- Installing: /home/wuyang/wuyang_WS/install/wuyang_description/share/wuyang_description/urdf/wuyang_arkermann.urdf.xacro
[0.687s] -- Installing: /home/wuyang/wuyang_WS/install/wuyang_description/share/wuyang_description/launch
[0.687s] -- Installing: /home/wuyang/wuyang_WS/install/wuyang_description/share/wuyang_description/launch/display.launch.py
[0.687s] -- Installing: /home/wuyang/wuyang_WS/install/wuyang_description/share/ament_index/resource_index/package_run_dependencies/wuyang_description
[0.687s] -- Installing: /home/wuyang/wuyang_WS/install/wuyang_description/share/ament_index/resource_index/parent_prefix_path/wuyang_description
[0.687s] -- Installing: /home/wuyang/wuyang_WS/install/wuyang_description/share/wuyang_description/environment/ament_prefix_path.sh
[0.687s] -- Installing: /home/wuyang/wuyang_WS/install/wuyang_description/share/wuyang_description/environment/ament_prefix_path.dsv
[0.687s] -- Installing: /home/wuyang/wuyang_WS/install/wuyang_description/share/wuyang_description/environment/path.sh
[0.687s] -- Installing: /home/wuyang/wuyang_WS/install/wuyang_description/share/wuyang_description/environment/path.dsv
[0.688s] -- Installing: /home/wuyang/wuyang_WS/install/wuyang_description/share/wuyang_description/local_setup.bash
[0.688s] -- Installing: /home/wuyang/wuyang_WS/install/wuyang_description/share/wuyang_description/local_setup.sh
[0.688s] -- Installing: /home/wuyang/wuyang_WS/install/wuyang_description/share/wuyang_description/local_setup.zsh
[0.688s] -- Installing: /home/wuyang/wuyang_WS/install/wuyang_description/share/wuyang_description/local_setup.dsv
[0.688s] -- Installing: /home/wuyang/wuyang_WS/install/wuyang_description/share/wuyang_description/package.dsv
[0.688s] -- Installing: /home/wuyang/wuyang_WS/install/wuyang_description/share/ament_index/resource_index/packages/wuyang_description
[0.688s] -- Installing: /home/wuyang/wuyang_WS/install/wuyang_description/share/wuyang_description/cmake/wuyang_descriptionConfig.cmake
[0.688s] -- Installing: /home/wuyang/wuyang_WS/install/wuyang_description/share/wuyang_description/cmake/wuyang_descriptionConfig-version.cmake
[0.688s] -- Installing: /home/wuyang/wuyang_WS/install/wuyang_description/share/wuyang_description/package.xml
[0.690s] Invoked command in '/home/wuyang/wuyang_WS/build/wuyang_description' returned '0': CMAKE_PREFIX_PATH=/opt/ros/humble /usr/bin/cmake --install /home/wuyang/wuyang_WS/build/wuyang_description
