[0.009s] Invoking command in '/home/wuyang/wuyang_WS/build/wuyang_description': CMAKE_PREFIX_PATH=${CMAKE_PREFIX_PATH}:/opt/ros/humble /usr/bin/cmake --build /home/wuyang/wuyang_WS/build/wuyang_description -- -j16 -l16
[0.043s] Invoked command in '/home/wuyang/wuyang_WS/build/wuyang_description' returned '0': CMAKE_PREFIX_PATH=${CMAKE_PREFIX_PATH}:/opt/ros/humble /usr/bin/cmake --build /home/wuyang/wuyang_WS/build/wuyang_description -- -j16 -l16
[0.051s] Invoking command in '/home/wuyang/wuyang_WS/build/wuyang_description': CMAKE_PREFIX_PATH=${CMAKE_PREFIX_PATH}:/opt/ros/humble /usr/bin/cmake --install /home/wuyang/wuyang_WS/build/wuyang_description
[0.057s] -- Install configuration: ""
[0.057s] -- Up-to-date: /home/wuyang/wuyang_WS/install/wuyang_description/share/wuyang_description/urdf
[0.057s] -- Installing: /home/wuyang/wuyang_WS/install/wuyang_description/share/wuyang_description/urdf/sensor_camera.urdf.xacro
[0.057s] -- Installing: /home/wuyang/wuyang_WS/install/wuyang_description/share/wuyang_description/urdf/wuyang_arkermann.urdf.xacro
[0.057s] -- Installing: /home/wuyang/wuyang_WS/install/wuyang_description/share/wuyang_description/urdf/sensor_laser.urdf.xacro
[0.057s] -- Up-to-date: /home/wuyang/wuyang_WS/install/wuyang_description/share/wuyang_description/launch
[0.057s] -- Up-to-date: /home/wuyang/wuyang_WS/install/wuyang_description/share/wuyang_description/launch/display.launch.py
[0.057s] -- Up-to-date: /home/wuyang/wuyang_WS/install/wuyang_description/share/ament_index/resource_index/package_run_dependencies/wuyang_description
[0.057s] -- Up-to-date: /home/wuyang/wuyang_WS/install/wuyang_description/share/ament_index/resource_index/parent_prefix_path/wuyang_description
[0.057s] -- Up-to-date: /home/wuyang/wuyang_WS/install/wuyang_description/share/wuyang_description/environment/ament_prefix_path.sh
[0.057s] -- Up-to-date: /home/wuyang/wuyang_WS/install/wuyang_description/share/wuyang_description/environment/ament_prefix_path.dsv
[0.057s] -- Up-to-date: /home/wuyang/wuyang_WS/install/wuyang_description/share/wuyang_description/environment/path.sh
[0.057s] -- Up-to-date: /home/wuyang/wuyang_WS/install/wuyang_description/share/wuyang_description/environment/path.dsv
[0.057s] -- Up-to-date: /home/wuyang/wuyang_WS/install/wuyang_description/share/wuyang_description/local_setup.bash
[0.057s] -- Up-to-date: /home/wuyang/wuyang_WS/install/wuyang_description/share/wuyang_description/local_setup.sh
[0.057s] -- Up-to-date: /home/wuyang/wuyang_WS/install/wuyang_description/share/wuyang_description/local_setup.zsh
[0.057s] -- Up-to-date: /home/wuyang/wuyang_WS/install/wuyang_description/share/wuyang_description/local_setup.dsv
[0.058s] -- Up-to-date: /home/wuyang/wuyang_WS/install/wuyang_description/share/wuyang_description/package.dsv
[0.058s] -- Up-to-date: /home/wuyang/wuyang_WS/install/wuyang_description/share/ament_index/resource_index/packages/wuyang_description
[0.058s] -- Up-to-date: /home/wuyang/wuyang_WS/install/wuyang_description/share/wuyang_description/cmake/wuyang_descriptionConfig.cmake
[0.058s] -- Up-to-date: /home/wuyang/wuyang_WS/install/wuyang_description/share/wuyang_description/cmake/wuyang_descriptionConfig-version.cmake
[0.058s] -- Up-to-date: /home/wuyang/wuyang_WS/install/wuyang_description/share/wuyang_description/package.xml
[0.059s] Invoked command in '/home/wuyang/wuyang_WS/build/wuyang_description' returned '0': CMAKE_PREFIX_PATH=${CMAKE_PREFIX_PATH}:/opt/ros/humble /usr/bin/cmake --install /home/wuyang/wuyang_WS/build/wuyang_description
