[0.010s] Invoking command in '/home/wuyang/wuyang_WS/build/wuyang_description': CMAKE_PREFIX_PATH=/opt/ros/humble /usr/bin/cmake --build /home/wuyang/wuyang_WS/build/wuyang_description -- -j16 -l16
[0.043s] -- Found ament_cmake: 1.3.12 (/opt/ros/humble/share/ament_cmake/cmake)
[0.141s] -- Found ament_lint_auto: 0.12.14 (/opt/ros/humble/share/ament_lint_auto/cmake)
[0.186s] -- Added test 'flake8' to check Python code syntax and style conventions
[0.186s] -- Added test 'lint_cmake' to check CMake code style
[0.186s] -- Added test 'pep257' to check Python code against some of the docstring style conventions in PEP 257
[0.187s] -- Added test 'xmllint' to check XML markup files
[0.188s] -- Configuring done
[0.190s] -- Generating done
[0.192s] -- Build files have been written to: /home/wuyang/wuyang_WS/build/wuyang_description
[0.215s] Invoked command in '/home/wuyang/wuyang_WS/build/wuyang_description' returned '0': CMAKE_PREFIX_PATH=/opt/ros/humble /usr/bin/cmake --build /home/wuyang/wuyang_WS/build/wuyang_description -- -j16 -l16
[0.224s] Invoking command in '/home/wuyang/wuyang_WS/build/wuyang_description': CMAKE_PREFIX_PATH=/opt/ros/humble /usr/bin/cmake --install /home/wuyang/wuyang_WS/build/wuyang_description
[0.230s] -- Install configuration: ""
[0.230s] -- Up-to-date: /home/wuyang/wuyang_WS/install/wuyang_description/share/wuyang_description/urdf
[0.230s] -- Up-to-date: /home/wuyang/wuyang_WS/install/wuyang_description/share/wuyang_description/urdf/sensor_camera.urdf.xacro
[0.230s] -- Installing: /home/wuyang/wuyang_WS/install/wuyang_description/share/wuyang_description/urdf/gazebo_control.urdf.xacro
[0.230s] -- Up-to-date: /home/wuyang/wuyang_WS/install/wuyang_description/share/wuyang_description/urdf/full.urdf
[0.230s] -- Installing: /home/wuyang/wuyang_WS/install/wuyang_description/share/wuyang_description/urdf/wuyang_ackermann.urdf.xacro
[0.230s] -- Up-to-date: /home/wuyang/wuyang_WS/install/wuyang_description/share/wuyang_description/urdf/sensor_laser.urdf.xacro
[0.230s] -- Up-to-date: /home/wuyang/wuyang_WS/install/wuyang_description/share/wuyang_description/launch
[0.230s] -- Installing: /home/wuyang/wuyang_WS/install/wuyang_description/share/wuyang_description/launch/display.launch.py
[0.230s] -- Installing: /home/wuyang/wuyang_WS/install/wuyang_description/share/wuyang_description/config
[0.230s] -- Installing: /home/wuyang/wuyang_WS/install/wuyang_description/share/wuyang_description/config/ackermann_controller.yaml
[0.230s] -- Up-to-date: /home/wuyang/wuyang_WS/install/wuyang_description/share/ament_index/resource_index/package_run_dependencies/wuyang_description
[0.230s] -- Up-to-date: /home/wuyang/wuyang_WS/install/wuyang_description/share/ament_index/resource_index/parent_prefix_path/wuyang_description
[0.230s] -- Up-to-date: /home/wuyang/wuyang_WS/install/wuyang_description/share/wuyang_description/environment/ament_prefix_path.sh
[0.231s] -- Installing: /home/wuyang/wuyang_WS/install/wuyang_description/share/wuyang_description/environment/ament_prefix_path.dsv
[0.231s] -- Up-to-date: /home/wuyang/wuyang_WS/install/wuyang_description/share/wuyang_description/environment/path.sh
[0.231s] -- Installing: /home/wuyang/wuyang_WS/install/wuyang_description/share/wuyang_description/environment/path.dsv
[0.231s] -- Up-to-date: /home/wuyang/wuyang_WS/install/wuyang_description/share/wuyang_description/local_setup.bash
[0.231s] -- Up-to-date: /home/wuyang/wuyang_WS/install/wuyang_description/share/wuyang_description/local_setup.sh
[0.231s] -- Up-to-date: /home/wuyang/wuyang_WS/install/wuyang_description/share/wuyang_description/local_setup.zsh
[0.231s] -- Installing: /home/wuyang/wuyang_WS/install/wuyang_description/share/wuyang_description/local_setup.dsv
[0.231s] -- Installing: /home/wuyang/wuyang_WS/install/wuyang_description/share/wuyang_description/package.dsv
[0.231s] -- Up-to-date: /home/wuyang/wuyang_WS/install/wuyang_description/share/ament_index/resource_index/packages/wuyang_description
[0.231s] -- Up-to-date: /home/wuyang/wuyang_WS/install/wuyang_description/share/wuyang_description/cmake/wuyang_descriptionConfig.cmake
[0.231s] -- Up-to-date: /home/wuyang/wuyang_WS/install/wuyang_description/share/wuyang_description/cmake/wuyang_descriptionConfig-version.cmake
[0.231s] -- Up-to-date: /home/wuyang/wuyang_WS/install/wuyang_description/share/wuyang_description/package.xml
[0.233s] Invoked command in '/home/wuyang/wuyang_WS/build/wuyang_description' returned '0': CMAKE_PREFIX_PATH=/opt/ros/humble /usr/bin/cmake --install /home/wuyang/wuyang_WS/build/wuyang_description
