[0.080s] DEBUG:colcon:Command line arguments: ['/usr/bin/colcon', 'build']
[0.080s] DEBUG:colcon:Parsed command line arguments: Namespace(log_base=None, log_level=None, verb_name='build', build_base='build', install_base='install', merge_install=False, symlink_install=False, test_result_base=None, continue_on_error=False, executor='parallel', parallel_workers=16, event_handlers=None, ignore_user_meta=False, metas=['./colcon.meta'], base_paths=['.'], packages_ignore=None, packages_ignore_regex=None, paths=None, packages_up_to=None, packages_up_to_regex=None, packages_above=None, packages_above_and_dependencies=None, packages_above_depth=None, packages_select_by_dep=None, packages_skip_by_dep=None, packages_skip_up_to=None, packages_select_build_failed=False, packages_skip_build_finished=False, packages_select_test_failures=False, packages_skip_test_passed=False, packages_select=None, packages_skip=None, packages_select_regex=None, packages_skip_regex=None, packages_start=None, packages_end=None, allow_overriding=[], cmake_args=None, cmake_target=None, cmake_target_skip_unavailable=False, cmake_clean_cache=False, cmake_clean_first=False, cmake_force_configure=False, ament_cmake_args=None, catkin_cmake_args=None, catkin_skip_building_tests=False, verb_parser=<colcon_defaults.argument_parser.defaults.DefaultArgumentsDecorator object at 0x780d7983d750>, verb_extension=<colcon_core.verb.build.BuildVerb object at 0x780d7983d240>, main=<bound method BuildVerb.main of <colcon_core.verb.build.BuildVerb object at 0x780d7983d240>>)
[0.108s] Level 1:colcon.colcon_core.package_discovery:discover_packages(colcon_meta) check parameters
[0.108s] Level 1:colcon.colcon_core.package_discovery:discover_packages(recursive) check parameters
[0.108s] Level 1:colcon.colcon_core.package_discovery:discover_packages(ignore) check parameters
[0.108s] Level 1:colcon.colcon_core.package_discovery:discover_packages(path) check parameters
[0.108s] Level 1:colcon.colcon_core.package_discovery:discover_packages(colcon_meta) discover
[0.108s] Level 1:colcon.colcon_core.package_discovery:discover_packages(recursive) discover
[0.108s] INFO:colcon.colcon_core.package_discovery:Crawling recursively for packages in '/home/wuyang/wuyang_WS'
[0.108s] Level 1:colcon.colcon_core.package_identification:_identify(.) by extensions ['ignore', 'ignore_ament_install']
[0.108s] Level 1:colcon.colcon_core.package_identification:_identify(.) by extension 'ignore'
[0.108s] Level 1:colcon.colcon_core.package_identification:_identify(.) by extension 'ignore_ament_install'
[0.108s] Level 1:colcon.colcon_core.package_identification:_identify(.) by extensions ['colcon_pkg']
[0.108s] Level 1:colcon.colcon_core.package_identification:_identify(.) by extension 'colcon_pkg'
[0.108s] Level 1:colcon.colcon_core.package_identification:_identify(.) by extensions ['colcon_meta']
[0.108s] Level 1:colcon.colcon_core.package_identification:_identify(.) by extension 'colcon_meta'
[0.108s] Level 1:colcon.colcon_core.package_identification:_identify(.) by extensions ['ros']
[0.108s] Level 1:colcon.colcon_core.package_identification:_identify(.) by extension 'ros'
[0.121s] Level 1:colcon.colcon_core.package_identification:_identify(.) by extensions ['cmake', 'python']
[0.121s] Level 1:colcon.colcon_core.package_identification:_identify(.) by extension 'cmake'
[0.121s] Level 1:colcon.colcon_core.package_identification:_identify(.) by extension 'python'
[0.121s] Level 1:colcon.colcon_core.package_identification:_identify(.) by extensions ['python_setup_py']
[0.121s] Level 1:colcon.colcon_core.package_identification:_identify(.) by extension 'python_setup_py'
[0.121s] Level 1:colcon.colcon_core.package_identification:_identify(build) by extensions ['ignore', 'ignore_ament_install']
[0.121s] Level 1:colcon.colcon_core.package_identification:_identify(build) by extension 'ignore'
[0.121s] Level 1:colcon.colcon_core.package_identification:_identify(build) ignored
[0.122s] Level 1:colcon.colcon_core.package_identification:_identify(install) by extensions ['ignore', 'ignore_ament_install']
[0.122s] Level 1:colcon.colcon_core.package_identification:_identify(install) by extension 'ignore'
[0.122s] Level 1:colcon.colcon_core.package_identification:_identify(install) ignored
[0.122s] Level 1:colcon.colcon_core.package_identification:_identify(log) by extensions ['ignore', 'ignore_ament_install']
[0.122s] Level 1:colcon.colcon_core.package_identification:_identify(log) by extension 'ignore'
[0.122s] Level 1:colcon.colcon_core.package_identification:_identify(log) ignored
[0.122s] Level 1:colcon.colcon_core.package_identification:_identify(src) by extensions ['ignore', 'ignore_ament_install']
[0.122s] Level 1:colcon.colcon_core.package_identification:_identify(src) by extension 'ignore'
[0.122s] Level 1:colcon.colcon_core.package_identification:_identify(src) by extension 'ignore_ament_install'
[0.122s] Level 1:colcon.colcon_core.package_identification:_identify(src) by extensions ['colcon_pkg']
[0.122s] Level 1:colcon.colcon_core.package_identification:_identify(src) by extension 'colcon_pkg'
[0.122s] Level 1:colcon.colcon_core.package_identification:_identify(src) by extensions ['colcon_meta']
[0.122s] Level 1:colcon.colcon_core.package_identification:_identify(src) by extension 'colcon_meta'
[0.122s] Level 1:colcon.colcon_core.package_identification:_identify(src) by extensions ['ros']
[0.122s] Level 1:colcon.colcon_core.package_identification:_identify(src) by extension 'ros'
[0.122s] Level 1:colcon.colcon_core.package_identification:_identify(src) by extensions ['cmake', 'python']
[0.122s] Level 1:colcon.colcon_core.package_identification:_identify(src) by extension 'cmake'
[0.122s] Level 1:colcon.colcon_core.package_identification:_identify(src) by extension 'python'
[0.122s] Level 1:colcon.colcon_core.package_identification:_identify(src) by extensions ['python_setup_py']
[0.122s] Level 1:colcon.colcon_core.package_identification:_identify(src) by extension 'python_setup_py'
[0.122s] Level 1:colcon.colcon_core.package_identification:_identify(src/wuyang_description) by extensions ['ignore', 'ignore_ament_install']
[0.122s] Level 1:colcon.colcon_core.package_identification:_identify(src/wuyang_description) by extension 'ignore'
[0.122s] Level 1:colcon.colcon_core.package_identification:_identify(src/wuyang_description) by extension 'ignore_ament_install'
[0.122s] Level 1:colcon.colcon_core.package_identification:_identify(src/wuyang_description) by extensions ['colcon_pkg']
[0.122s] Level 1:colcon.colcon_core.package_identification:_identify(src/wuyang_description) by extension 'colcon_pkg'
[0.122s] Level 1:colcon.colcon_core.package_identification:_identify(src/wuyang_description) by extensions ['colcon_meta']
[0.122s] Level 1:colcon.colcon_core.package_identification:_identify(src/wuyang_description) by extension 'colcon_meta'
[0.122s] Level 1:colcon.colcon_core.package_identification:_identify(src/wuyang_description) by extensions ['ros']
[0.123s] Level 1:colcon.colcon_core.package_identification:_identify(src/wuyang_description) by extension 'ros'
[0.125s] DEBUG:colcon.colcon_core.package_identification:Package 'src/wuyang_description' with type 'ros.ament_cmake' and name 'wuyang_description'
[0.125s] Level 1:colcon.colcon_core.package_discovery:discover_packages(recursive) using defaults
[0.125s] Level 1:colcon.colcon_core.package_discovery:discover_packages(ignore) discover
[0.125s] Level 1:colcon.colcon_core.package_discovery:discover_packages(ignore) using defaults
[0.125s] Level 1:colcon.colcon_core.package_discovery:discover_packages(path) discover
[0.125s] Level 1:colcon.colcon_core.package_discovery:discover_packages(path) using defaults
[0.142s] Level 1:colcon.colcon_core.package_discovery:discover_packages(prefix_path) check parameters
[0.142s] Level 1:colcon.colcon_core.package_discovery:discover_packages(prefix_path) discover
[0.144s] DEBUG:colcon.colcon_installed_package_information.package_discovery:Found 1 installed packages in /home/wuyang/wuyang_WS/install
[0.145s] DEBUG:colcon.colcon_installed_package_information.package_discovery:Found 286 installed packages in /opt/ros/humble
[0.146s] Level 1:colcon.colcon_core.package_discovery:discover_packages(prefix_path) using defaults
[0.176s] Level 5:colcon.colcon_core.verb:set package 'wuyang_description' build argument 'cmake_args' from command line to 'None'
[0.176s] Level 5:colcon.colcon_core.verb:set package 'wuyang_description' build argument 'cmake_target' from command line to 'None'
[0.176s] Level 5:colcon.colcon_core.verb:set package 'wuyang_description' build argument 'cmake_target_skip_unavailable' from command line to 'False'
[0.176s] Level 5:colcon.colcon_core.verb:set package 'wuyang_description' build argument 'cmake_clean_cache' from command line to 'False'
[0.176s] Level 5:colcon.colcon_core.verb:set package 'wuyang_description' build argument 'cmake_clean_first' from command line to 'False'
[0.176s] Level 5:colcon.colcon_core.verb:set package 'wuyang_description' build argument 'cmake_force_configure' from command line to 'False'
[0.176s] Level 5:colcon.colcon_core.verb:set package 'wuyang_description' build argument 'ament_cmake_args' from command line to 'None'
[0.176s] Level 5:colcon.colcon_core.verb:set package 'wuyang_description' build argument 'catkin_cmake_args' from command line to 'None'
[0.176s] Level 5:colcon.colcon_core.verb:set package 'wuyang_description' build argument 'catkin_skip_building_tests' from command line to 'False'
[0.176s] DEBUG:colcon.colcon_core.verb:Building package 'wuyang_description' with the following arguments: {'ament_cmake_args': None, 'build_base': '/home/wuyang/wuyang_WS/build/wuyang_description', 'catkin_cmake_args': None, 'catkin_skip_building_tests': False, 'cmake_args': None, 'cmake_clean_cache': False, 'cmake_clean_first': False, 'cmake_force_configure': False, 'cmake_target': None, 'cmake_target_skip_unavailable': False, 'install_base': '/home/wuyang/wuyang_WS/install/wuyang_description', 'merge_install': False, 'path': '/home/wuyang/wuyang_WS/src/wuyang_description', 'symlink_install': False, 'test_result_base': None}
[0.176s] INFO:colcon.colcon_core.executor:Executing jobs using 'parallel' executor
[0.177s] DEBUG:colcon.colcon_parallel_executor.executor.parallel:run_until_complete
[0.177s] INFO:colcon.colcon_ros.task.ament_cmake.build:Building ROS package in '/home/wuyang/wuyang_WS/src/wuyang_description' with build type 'ament_cmake'
[0.177s] INFO:colcon.colcon_cmake.task.cmake.build:Building CMake package in '/home/wuyang/wuyang_WS/src/wuyang_description'
[0.179s] INFO:colcon.colcon_core.plugin_system:Skipping extension 'colcon_core.shell.bat': Not used on non-Windows systems
[0.179s] INFO:colcon.colcon_core.shell:Skip shell extension 'powershell' for command environment: Not usable outside of PowerShell
[0.179s] DEBUG:colcon.colcon_core.shell:Skip shell extension 'dsv' for command environment
[0.186s] DEBUG:colcon.colcon_core.event_handler.log_command:Invoking command in '/home/wuyang/wuyang_WS/build/wuyang_description': CMAKE_PREFIX_PATH=${CMAKE_PREFIX_PATH}:/opt/ros/humble /usr/bin/cmake --build /home/wuyang/wuyang_WS/build/wuyang_description -- -j16 -l16
[0.220s] DEBUG:colcon.colcon_core.event_handler.log_command:Invoked command in '/home/wuyang/wuyang_WS/build/wuyang_description' returned '0': CMAKE_PREFIX_PATH=${CMAKE_PREFIX_PATH}:/opt/ros/humble /usr/bin/cmake --build /home/wuyang/wuyang_WS/build/wuyang_description -- -j16 -l16
[0.229s] DEBUG:colcon.colcon_core.event_handler.log_command:Invoking command in '/home/wuyang/wuyang_WS/build/wuyang_description': CMAKE_PREFIX_PATH=${CMAKE_PREFIX_PATH}:/opt/ros/humble /usr/bin/cmake --install /home/wuyang/wuyang_WS/build/wuyang_description
[0.236s] Level 1:colcon.colcon_core.environment:create_environment_scripts_only(wuyang_description)
[0.237s] DEBUG:colcon.colcon_core.event_handler.log_command:Invoked command in '/home/wuyang/wuyang_WS/build/wuyang_description' returned '0': CMAKE_PREFIX_PATH=${CMAKE_PREFIX_PATH}:/opt/ros/humble /usr/bin/cmake --install /home/wuyang/wuyang_WS/build/wuyang_description
[0.238s] Level 1:colcon.colcon_core.environment:checking '/home/wuyang/wuyang_WS/install/wuyang_description' for CMake module files
[0.238s] Level 1:colcon.colcon_core.environment:checking '/home/wuyang/wuyang_WS/install/wuyang_description' for CMake config files
[0.238s] Level 1:colcon.colcon_core.shell:create_environment_hook('wuyang_description', 'cmake_prefix_path')
[0.238s] INFO:colcon.colcon_core.shell:Creating environment hook '/home/wuyang/wuyang_WS/install/wuyang_description/share/wuyang_description/hook/cmake_prefix_path.ps1'
[0.239s] INFO:colcon.colcon_core.shell:Creating environment descriptor '/home/wuyang/wuyang_WS/install/wuyang_description/share/wuyang_description/hook/cmake_prefix_path.dsv'
[0.239s] INFO:colcon.colcon_core.shell:Creating environment hook '/home/wuyang/wuyang_WS/install/wuyang_description/share/wuyang_description/hook/cmake_prefix_path.sh'
[0.240s] Level 1:colcon.colcon_core.environment:checking '/home/wuyang/wuyang_WS/install/wuyang_description/bin'
[0.240s] Level 1:colcon.colcon_core.environment:checking '/home/wuyang/wuyang_WS/install/wuyang_description/lib/pkgconfig/wuyang_description.pc'
[0.240s] Level 1:colcon.colcon_core.environment:checking '/home/wuyang/wuyang_WS/install/wuyang_description/lib/python3.10/site-packages'
[0.240s] Level 1:colcon.colcon_core.environment:checking '/home/wuyang/wuyang_WS/install/wuyang_description/bin'
[0.240s] INFO:colcon.colcon_core.shell:Creating package script '/home/wuyang/wuyang_WS/install/wuyang_description/share/wuyang_description/package.ps1'
[0.241s] INFO:colcon.colcon_core.shell:Creating package descriptor '/home/wuyang/wuyang_WS/install/wuyang_description/share/wuyang_description/package.dsv'
[0.241s] INFO:colcon.colcon_core.shell:Creating package script '/home/wuyang/wuyang_WS/install/wuyang_description/share/wuyang_description/package.sh'
[0.241s] INFO:colcon.colcon_core.shell:Creating package script '/home/wuyang/wuyang_WS/install/wuyang_description/share/wuyang_description/package.bash'
[0.242s] INFO:colcon.colcon_core.shell:Creating package script '/home/wuyang/wuyang_WS/install/wuyang_description/share/wuyang_description/package.zsh'
[0.242s] Level 1:colcon.colcon_core.environment:create_file_with_runtime_dependencies(/home/wuyang/wuyang_WS/install/wuyang_description/share/colcon-core/packages/wuyang_description)
[0.242s] Level 1:colcon.colcon_core.environment:create_environment_scripts_only(wuyang_description)
[0.242s] Level 1:colcon.colcon_core.environment:checking '/home/wuyang/wuyang_WS/install/wuyang_description' for CMake module files
[0.243s] Level 1:colcon.colcon_core.environment:checking '/home/wuyang/wuyang_WS/install/wuyang_description' for CMake config files
[0.243s] Level 1:colcon.colcon_core.shell:create_environment_hook('wuyang_description', 'cmake_prefix_path')
[0.243s] INFO:colcon.colcon_core.shell:Creating environment hook '/home/wuyang/wuyang_WS/install/wuyang_description/share/wuyang_description/hook/cmake_prefix_path.ps1'
[0.243s] INFO:colcon.colcon_core.shell:Creating environment descriptor '/home/wuyang/wuyang_WS/install/wuyang_description/share/wuyang_description/hook/cmake_prefix_path.dsv'
[0.243s] INFO:colcon.colcon_core.shell:Creating environment hook '/home/wuyang/wuyang_WS/install/wuyang_description/share/wuyang_description/hook/cmake_prefix_path.sh'
[0.244s] Level 1:colcon.colcon_core.environment:checking '/home/wuyang/wuyang_WS/install/wuyang_description/bin'
[0.244s] Level 1:colcon.colcon_core.environment:checking '/home/wuyang/wuyang_WS/install/wuyang_description/lib/pkgconfig/wuyang_description.pc'
[0.244s] Level 1:colcon.colcon_core.environment:checking '/home/wuyang/wuyang_WS/install/wuyang_description/lib/python3.10/site-packages'
[0.244s] Level 1:colcon.colcon_core.environment:checking '/home/wuyang/wuyang_WS/install/wuyang_description/bin'
[0.244s] INFO:colcon.colcon_core.shell:Creating package script '/home/wuyang/wuyang_WS/install/wuyang_description/share/wuyang_description/package.ps1'
[0.245s] INFO:colcon.colcon_core.shell:Creating package descriptor '/home/wuyang/wuyang_WS/install/wuyang_description/share/wuyang_description/package.dsv'
[0.245s] INFO:colcon.colcon_core.shell:Creating package script '/home/wuyang/wuyang_WS/install/wuyang_description/share/wuyang_description/package.sh'
[0.245s] INFO:colcon.colcon_core.shell:Creating package script '/home/wuyang/wuyang_WS/install/wuyang_description/share/wuyang_description/package.bash'
[0.245s] INFO:colcon.colcon_core.shell:Creating package script '/home/wuyang/wuyang_WS/install/wuyang_description/share/wuyang_description/package.zsh'
[0.246s] Level 1:colcon.colcon_core.environment:create_file_with_runtime_dependencies(/home/wuyang/wuyang_WS/install/wuyang_description/share/colcon-core/packages/wuyang_description)
[0.246s] DEBUG:colcon.colcon_parallel_executor.executor.parallel:closing loop
[0.246s] DEBUG:colcon.colcon_parallel_executor.executor.parallel:loop closed
[0.246s] DEBUG:colcon.colcon_parallel_executor.executor.parallel:run_until_complete finished with '0'
[0.246s] DEBUG:colcon.colcon_core.event_reactor:joining thread
[0.251s] INFO:colcon.colcon_core.plugin_system:Skipping extension 'colcon_notification.desktop_notification.terminal_notifier': Not used on non-Darwin systems
[0.251s] INFO:colcon.colcon_core.plugin_system:Skipping extension 'colcon_notification.desktop_notification.win32': Not used on non-Windows systems
[0.251s] INFO:colcon.colcon_notification.desktop_notification:Sending desktop notification using 'notify2'
[0.261s] DEBUG:colcon.colcon_core.event_reactor:joined thread
[0.261s] INFO:colcon.colcon_core.shell:Creating prefix script '/home/wuyang/wuyang_WS/install/local_setup.ps1'
[0.262s] INFO:colcon.colcon_core.shell:Creating prefix util module '/home/wuyang/wuyang_WS/install/_local_setup_util_ps1.py'
[0.265s] INFO:colcon.colcon_core.shell:Creating prefix chain script '/home/wuyang/wuyang_WS/install/setup.ps1'
[0.265s] INFO:colcon.colcon_core.shell:Creating prefix script '/home/wuyang/wuyang_WS/install/local_setup.sh'
[0.266s] INFO:colcon.colcon_core.shell:Creating prefix util module '/home/wuyang/wuyang_WS/install/_local_setup_util_sh.py'
[0.266s] INFO:colcon.colcon_core.shell:Creating prefix chain script '/home/wuyang/wuyang_WS/install/setup.sh'
[0.267s] INFO:colcon.colcon_core.shell:Creating prefix script '/home/wuyang/wuyang_WS/install/local_setup.bash'
[0.267s] INFO:colcon.colcon_core.shell:Creating prefix chain script '/home/wuyang/wuyang_WS/install/setup.bash'
[0.268s] INFO:colcon.colcon_core.shell:Creating prefix script '/home/wuyang/wuyang_WS/install/local_setup.zsh'
[0.268s] INFO:colcon.colcon_core.shell:Creating prefix chain script '/home/wuyang/wuyang_WS/install/setup.zsh'
