-- Install configuration: ""
-- Up-to-date: /home/wuyang/wuyang_WS/install/wuyang_description/share/wuyang_description/urdf
-- Installing: /home/wuyang/wuyang_WS/install/wuyang_description/share/wuyang_description/urdf/wuyang_arkermann.pdf
-- Installing: /home/wuyang/wuyang_WS/install/wuyang_description/share/wuyang_description/urdf/sensor_camera.urdf.xacro
-- Installing: /home/wuyang/wuyang_WS/install/wuyang_description/share/wuyang_description/urdf/full.urdf
-- Up-to-date: /home/wuyang/wuyang_WS/install/wuyang_description/share/wuyang_description/urdf/wuyang_arkermann.urdf.xacro
-- Installing: /home/wuyang/wuyang_WS/install/wuyang_description/share/wuyang_description/urdf/wuyang_arkermann.gv
-- Up-to-date: /home/wuyang/wuyang_WS/install/wuyang_description/share/wuyang_description/urdf/sensor_laser.urdf.xacro
-- Up-to-date: /home/wuyang/wuyang_WS/install/wuyang_description/share/wuyang_description/launch
-- Up-to-date: /home/wuyang/wuyang_WS/install/wuyang_description/share/wuyang_description/launch/display.launch.py
-- Up-to-date: /home/wuyang/wuyang_WS/install/wuyang_description/share/ament_index/resource_index/package_run_dependencies/wuyang_description
-- Up-to-date: /home/wuyang/wuyang_WS/install/wuyang_description/share/ament_index/resource_index/parent_prefix_path/wuyang_description
-- Up-to-date: /home/wuyang/wuyang_WS/install/wuyang_description/share/wuyang_description/environment/ament_prefix_path.sh
-- Up-to-date: /home/wuyang/wuyang_WS/install/wuyang_description/share/wuyang_description/environment/ament_prefix_path.dsv
-- Up-to-date: /home/wuyang/wuyang_WS/install/wuyang_description/share/wuyang_description/environment/path.sh
-- Up-to-date: /home/wuyang/wuyang_WS/install/wuyang_description/share/wuyang_description/environment/path.dsv
-- Up-to-date: /home/wuyang/wuyang_WS/install/wuyang_description/share/wuyang_description/local_setup.bash
-- Up-to-date: /home/wuyang/wuyang_WS/install/wuyang_description/share/wuyang_description/local_setup.sh
-- Up-to-date: /home/wuyang/wuyang_WS/install/wuyang_description/share/wuyang_description/local_setup.zsh
-- Up-to-date: /home/wuyang/wuyang_WS/install/wuyang_description/share/wuyang_description/local_setup.dsv
-- Installing: /home/wuyang/wuyang_WS/install/wuyang_description/share/wuyang_description/package.dsv
-- Up-to-date: /home/wuyang/wuyang_WS/install/wuyang_description/share/ament_index/resource_index/packages/wuyang_description
-- Up-to-date: /home/wuyang/wuyang_WS/install/wuyang_description/share/wuyang_description/cmake/wuyang_descriptionConfig.cmake
-- Up-to-date: /home/wuyang/wuyang_WS/install/wuyang_description/share/wuyang_description/cmake/wuyang_descriptionConfig-version.cmake
-- Up-to-date: /home/wuyang/wuyang_WS/install/wuyang_description/share/wuyang_description/package.xml
