[0.009s] Invoking command in '/home/wuyang/wuyang_WS/build/wuyang_description': CMAKE_PREFIX_PATH=/opt/ros/humble /usr/bin/cmake --build /home/wuyang/wuyang_WS/build/wuyang_description -- -j16 -l16
[0.041s] Invoked command in '/home/wuyang/wuyang_WS/build/wuyang_description' returned '0': CMAKE_PREFIX_PATH=/opt/ros/humble /usr/bin/cmake --build /home/wuyang/wuyang_WS/build/wuyang_description -- -j16 -l16
[0.050s] Invoking command in '/home/wuyang/wuyang_WS/build/wuyang_description': CMAKE_PREFIX_PATH=/opt/ros/humble /usr/bin/cmake --install /home/wuyang/wuyang_WS/build/wuyang_description
[0.054s] -- Install configuration: ""
[0.054s] -- Up-to-date: /home/wuyang/wuyang_WS/install/wuyang_description/share/wuyang_description/urdf
[0.054s] -- Installing: /home/wuyang/wuyang_WS/install/wuyang_description/share/wuyang_description/urdf/wuyang_arkermann.pdf
[0.054s] -- Installing: /home/wuyang/wuyang_WS/install/wuyang_description/share/wuyang_description/urdf/sensor_camera.urdf.xacro
[0.054s] -- Installing: /home/wuyang/wuyang_WS/install/wuyang_description/share/wuyang_description/urdf/full.urdf
[0.055s] -- Up-to-date: /home/wuyang/wuyang_WS/install/wuyang_description/share/wuyang_description/urdf/wuyang_arkermann.urdf.xacro
[0.055s] -- Installing: /home/wuyang/wuyang_WS/install/wuyang_description/share/wuyang_description/urdf/wuyang_arkermann.gv
[0.055s] -- Up-to-date: /home/wuyang/wuyang_WS/install/wuyang_description/share/wuyang_description/urdf/sensor_laser.urdf.xacro
[0.055s] -- Up-to-date: /home/wuyang/wuyang_WS/install/wuyang_description/share/wuyang_description/launch
[0.055s] -- Up-to-date: /home/wuyang/wuyang_WS/install/wuyang_description/share/wuyang_description/launch/display.launch.py
[0.055s] -- Up-to-date: /home/wuyang/wuyang_WS/install/wuyang_description/share/ament_index/resource_index/package_run_dependencies/wuyang_description
[0.055s] -- Up-to-date: /home/wuyang/wuyang_WS/install/wuyang_description/share/ament_index/resource_index/parent_prefix_path/wuyang_description
[0.055s] -- Up-to-date: /home/wuyang/wuyang_WS/install/wuyang_description/share/wuyang_description/environment/ament_prefix_path.sh
[0.055s] -- Up-to-date: /home/wuyang/wuyang_WS/install/wuyang_description/share/wuyang_description/environment/ament_prefix_path.dsv
[0.055s] -- Up-to-date: /home/wuyang/wuyang_WS/install/wuyang_description/share/wuyang_description/environment/path.sh
[0.055s] -- Up-to-date: /home/wuyang/wuyang_WS/install/wuyang_description/share/wuyang_description/environment/path.dsv
[0.056s] -- Up-to-date: /home/wuyang/wuyang_WS/install/wuyang_description/share/wuyang_description/local_setup.bash
[0.056s] -- Up-to-date: /home/wuyang/wuyang_WS/install/wuyang_description/share/wuyang_description/local_setup.sh
[0.056s] -- Up-to-date: /home/wuyang/wuyang_WS/install/wuyang_description/share/wuyang_description/local_setup.zsh
[0.056s] -- Up-to-date: /home/wuyang/wuyang_WS/install/wuyang_description/share/wuyang_description/local_setup.dsv
[0.056s] -- Installing: /home/wuyang/wuyang_WS/install/wuyang_description/share/wuyang_description/package.dsv
[0.056s] -- Up-to-date: /home/wuyang/wuyang_WS/install/wuyang_description/share/ament_index/resource_index/packages/wuyang_description
[0.056s] -- Up-to-date: /home/wuyang/wuyang_WS/install/wuyang_description/share/wuyang_description/cmake/wuyang_descriptionConfig.cmake
[0.056s] -- Up-to-date: /home/wuyang/wuyang_WS/install/wuyang_description/share/wuyang_description/cmake/wuyang_descriptionConfig-version.cmake
[0.057s] -- Up-to-date: /home/wuyang/wuyang_WS/install/wuyang_description/share/wuyang_description/package.xml
[0.057s] Invoked command in '/home/wuyang/wuyang_WS/build/wuyang_description' returned '0': CMAKE_PREFIX_PATH=/opt/ros/humble /usr/bin/cmake --install /home/wuyang/wuyang_WS/build/wuyang_description
